Jun 28 15:00:02 Emptying /home/arko/mail/new
Jun 28 15:00:02 Status =   INFO   
Jun 28 15:00:02 Sending request email hostid1: 00cca45f, hostid2: 00cca45d
Jun 28 15:00:02 Status =   INFO   
Jun 28 15:00:02 successfuly sent request email
Jun 28 15:00:02 Status =  SUCCESS 
Jun 28 15:00:06 The response email has arrived yet, retrying
Jun 28 15:00:06 Status =   INFO   
Jun 28 15:00:19 The response email has arrived yet, retrying
Jun 28 15:00:19 Status =   INFO   
Jun 28 15:00:34 successfuly got response email /home/arko/mail/new/1372402834.M443222P16452Q0R6723a5743f814a29.fileserver
Jun 28 15:00:35 Status =  SUCCESS 
Jun 28 15:00:35 Extracting licence files from email file
Jun 28 15:00:35 Status =   INFO   
Jun 28 15:00:35 successfuly got ha licence files 
Jun 28 15:00:35 Status =  SUCCESS 
Jun 28 15:00:35 successfuly got ha licence files 
Jun 28 15:00:35 Status =   INFO   
Jun 28 15:00:35 successfuly generated HA licence file arkoeric_ha_licfile
Jun 28 15:00:35 Status =  SUCCESS 
