Jul  2 22:37:51 Emptying /home/arko/mail/new
Jul  2 22:37:51 Status =   INFO   
Jul  2 22:37:51 Sending request email hostid1: 00cca45f, hostid2: 00cca45e
Jul  2 22:37:51 Status =   INFO   
Jul  2 22:37:51 successfuly sent request email
Jul  2 22:37:51 Status =  SUCCESS 
Jul  2 22:37:55 The response email has arrived yet, retrying
Jul  2 22:37:55 Status =   INFO   
Jul  2 22:38:09 The response email has arrived yet, retrying
Jul  2 22:38:09 Status =   INFO   
Jul  2 22:38:22 The response email has arrived yet, retrying
Jul  2 22:38:22 Status =   INFO   
Jul  2 22:38:36 The response email has arrived yet, retrying
Jul  2 22:38:36 Status =   INFO   
Jul  2 22:38:49 The response email has arrived yet, retrying
Jul  2 22:38:49 Status =   INFO   
Jul  2 22:39:03 The response email has arrived yet, retrying
Jul  2 22:39:03 Status =   INFO   
Jul  2 22:39:17 The response email has arrived yet, retrying
Jul  2 22:39:17 Status =   INFO   
Jul  2 22:39:30 The response email has arrived yet, retrying
Jul  2 22:39:30 Status =   INFO   
Jul  2 22:39:45 The response email has arrived yet, retrying
Jul  2 22:39:45 Status =   INFO   
Jul  2 22:39:58 The response email has arrived yet, retrying
Jul  2 22:39:58 Status =   INFO   
Jul  2 22:40:09 error with getting email
Jul  2 22:40:09 Status =  FAILED  
